2024-10-27 14:21:32,580 - __main__ - DEBUG - VFS initialized: vfs_path=konf1.tar
2024-10-27 14:21:32,581 - __main__ - DEBUG - Emulator started
2024-10-27 14:21:32,581 - __main__ - DEBUG - Initializing GUI...
2024-10-27 14:21:32,653 - __main__ - DEBUG - Starting GUI main loop...
2024-10-27 14:21:37,236 - __main__ - DEBUG - Executing command: ls
2024-10-27 14:21:37,236 - __main__ - DEBUG - Getting current user...
2024-10-27 14:21:37,237 - __main__ - DEBUG - Listing files in current directory: 
2024-10-27 14:21:37,238 - __main__ - DEBUG - Command executed: ls
2024-10-27 14:21:52,189 - __main__ - DEBUG - Executing command: cd konf1
2024-10-27 14:21:52,189 - __main__ - DEBUG - Getting current user...
2024-10-27 14:21:52,189 - __main__ - DEBUG - Changing directory: konf1
2024-10-27 14:21:52,199 - __main__ - DEBUG - Command executed: cd konf1
2024-10-27 14:21:54,009 - __main__ - DEBUG - Executing command: ls
2024-10-27 14:21:54,009 - __main__ - DEBUG - Getting current user...
2024-10-27 14:21:54,010 - __main__ - DEBUG - Listing files in current directory: konf1/
2024-10-27 14:21:54,010 - __main__ - DEBUG - Command executed: ls
2024-10-27 14:22:04,819 - __main__ - DEBUG - Executing command: uptime
2024-10-27 14:22:04,819 - __main__ - DEBUG - Getting current user...
2024-10-27 14:22:04,819 - __main__ - DEBUG - Getting uptime...
2024-10-27 14:22:04,819 - __main__ - DEBUG - Command executed: uptime
2024-10-27 14:24:06,571 - __main__ - DEBUG - Executing command: exit
2024-10-27 14:24:06,571 - __main__ - DEBUG - Getting current user...
2024-10-27 14:24:06,572 - __main__ - DEBUG - Exiting emulator...
2024-10-27 14:24:06,572 - __main__ - DEBUG - Cleaning up...
2024-10-27 14:24:09,183 - __main__ - DEBUG - VFS initialized: vfs_path=konf1.tar
2024-10-27 14:24:09,183 - __main__ - DEBUG - Emulator started
2024-10-27 14:24:09,183 - __main__ - DEBUG - Initializing GUI...
2024-10-27 14:24:09,273 - __main__ - DEBUG - Starting GUI main loop...
2024-10-27 14:24:14,402 - __main__ - DEBUG - Executing command: ls
2024-10-27 14:24:14,402 - __main__ - DEBUG - Getting current user...
2024-10-27 14:24:14,403 - __main__ - DEBUG - Listing files in current directory: 
2024-10-27 14:24:14,403 - __main__ - DEBUG - Command executed: ls
2024-10-27 14:24:36,592 - __main__ - DEBUG - Executing command: tail konf1/ex.txt
2024-10-27 14:24:36,592 - __main__ - DEBUG - Getting current user...
2024-10-27 14:24:36,592 - __main__ - DEBUG - Tailing file: konf1/ex.txt
2024-10-27 14:24:36,593 - __main__ - DEBUG - Command executed: tail konf1/ex.txt
2024-10-27 14:24:48,454 - __main__ - DEBUG - Executing command: uniq konf1/ex.txt
2024-10-27 14:24:48,454 - __main__ - DEBUG - Getting current user...
2024-10-27 14:24:48,455 - __main__ - DEBUG - Uniq file: konf1/ex.txt
2024-10-27 14:24:48,456 - __main__ - DEBUG - Command executed: uniq konf1/ex.txt
2024-10-27 14:25:38,439 - __main__ - DEBUG - VFS initialized: vfs_path=konf1.tar
2024-10-27 14:25:38,439 - __main__ - DEBUG - Emulator started
2024-10-27 14:25:38,439 - __main__ - DEBUG - Initializing GUI...
2024-10-27 14:25:38,509 - __main__ - DEBUG - Starting GUI main loop...
2024-10-27 14:25:41,799 - __main__ - DEBUG - Executing command: ls
2024-10-27 14:25:41,799 - __main__ - DEBUG - Getting current user...
2024-10-27 14:25:41,801 - __main__ - DEBUG - Listing files in current directory: 
2024-10-27 14:25:41,801 - __main__ - DEBUG - Command executed: ls
2024-10-27 14:26:10,563 - __main__ - DEBUG - Executing command: tail konf1/ex.txt
2024-10-27 14:26:10,563 - __main__ - DEBUG - Getting current user...
2024-10-27 14:26:10,563 - __main__ - DEBUG - Tailing file: konf1/ex.txt
2024-10-27 14:26:10,563 - __main__ - DEBUG - Command executed: tail konf1/ex.txt
2024-11-04 13:14:20,461 - __main__ - DEBUG - VFS initialized: vfs_path=konf1.tar
2024-11-04 13:14:20,461 - __main__ - DEBUG - Emulator started
2024-11-04 13:14:20,461 - __main__ - DEBUG - Initializing GUI...
2024-11-04 13:14:20,870 - __main__ - DEBUG - Starting GUI main loop...
2024-11-04 13:14:26,882 - __main__ - DEBUG - Executing command: ls
2024-11-04 13:14:26,883 - __main__ - DEBUG - Getting current user...
2024-11-04 13:14:26,884 - __main__ - DEBUG - Listing files in current directory: 
2024-11-04 13:14:26,885 - __main__ - DEBUG - Command executed: ls
2024-11-04 13:14:39,808 - __main__ - DEBUG - Executing command: cd konf1
2024-11-04 13:14:39,809 - __main__ - DEBUG - Getting current user...
2024-11-04 13:14:39,809 - __main__ - DEBUG - Changing directory: konf1
2024-11-04 13:14:39,809 - __main__ - DEBUG - Command executed: cd konf1
2024-11-04 13:14:41,873 - __main__ - DEBUG - Executing command: ls
2024-11-04 13:14:41,873 - __main__ - DEBUG - Getting current user...
2024-11-04 13:14:41,874 - __main__ - DEBUG - Listing files in current directory: konf1/
2024-11-04 13:14:41,874 - __main__ - DEBUG - Command executed: ls
2024-11-04 13:16:26,202 - __main__ - DEBUG - Executing command: exit
2024-11-04 13:16:26,202 - __main__ - DEBUG - Getting current user...
2024-11-04 13:16:26,203 - __main__ - DEBUG - Exiting emulator...
2024-11-04 13:16:26,203 - __main__ - DEBUG - Cleaning up...
2024-11-21 21:27:39,491 - __main__ - DEBUG - VFS initialized: vfs_path=konf1.tar
2024-11-21 21:27:39,492 - __main__ - DEBUG - Emulator started
2024-11-21 21:27:39,493 - __main__ - DEBUG - Initializing GUI...
2024-11-21 21:27:40,939 - __main__ - DEBUG - Starting GUI main loop...
2024-11-21 21:27:45,614 - __main__ - DEBUG - Executing command: ls
2024-11-21 21:27:45,614 - __main__ - DEBUG - Getting current user...
2024-11-21 21:27:45,625 - __main__ - DEBUG - Listing files in current directory: 
2024-11-21 21:27:45,625 - __main__ - DEBUG - Command executed: ls
2024-11-21 21:28:03,018 - __main__ - DEBUG - Executing command: uptime
2024-11-21 21:28:03,018 - __main__ - DEBUG - Getting current user...
2024-11-21 21:28:03,019 - __main__ - DEBUG - Getting uptime...
2024-11-21 21:28:03,019 - __main__ - DEBUG - Command executed: uptime
2024-11-21 21:28:10,338 - __main__ - DEBUG - Executing command: tail
2024-11-21 21:28:10,338 - __main__ - DEBUG - Getting current user...
2024-11-21 21:28:10,338 - __main__ - DEBUG - Command executed: tail
2024-11-21 21:58:30,094 - __main__ - DEBUG - VFS initialized: vfs_path=konf1.tar
2024-11-21 21:58:30,095 - __main__ - DEBUG - Emulator started
2024-11-21 21:58:30,095 - __main__ - DEBUG - Initializing GUI...
2024-11-21 21:58:30,245 - __main__ - DEBUG - Starting GUI main loop...
2024-11-21 21:58:33,809 - __main__ - DEBUG - Executing command: ls
2024-11-21 21:58:33,809 - __main__ - DEBUG - Getting current user...
2024-11-21 21:58:33,810 - __main__ - DEBUG - Listing files in current directory: 
2024-11-21 21:58:33,811 - __main__ - DEBUG - Command executed: ls
2024-11-21 21:58:45,112 - __main__ - DEBUG - Executing command: cd konf1
2024-11-21 21:58:45,112 - __main__ - DEBUG - Getting current user...
2024-11-21 21:58:45,112 - __main__ - DEBUG - Changing directory: konf1
2024-11-21 21:58:45,113 - __main__ - DEBUG - Command executed: cd konf1
2024-11-21 21:58:46,384 - __main__ - DEBUG - Executing command: ls
2024-11-21 21:58:46,384 - __main__ - DEBUG - Getting current user...
2024-11-21 21:58:46,384 - __main__ - DEBUG - Listing files in current directory: konf1/
2024-11-21 21:58:46,385 - __main__ - DEBUG - Command executed: ls
2024-11-21 21:59:35,195 - __main__ - DEBUG - VFS initialized: vfs_path=konf1.tar
2024-11-21 21:59:35,196 - __main__ - DEBUG - Emulator started
2024-11-21 21:59:35,196 - __main__ - DEBUG - Initializing GUI...
2024-11-21 21:59:35,348 - __main__ - DEBUG - Starting GUI main loop...
2024-11-21 21:59:43,394 - __main__ - DEBUG - Executing command: ls
2024-11-21 21:59:43,394 - __main__ - DEBUG - Getting current user...
2024-11-21 21:59:43,396 - __main__ - DEBUG - Listing files in current directory: 
2024-11-21 21:59:43,397 - __main__ - DEBUG - Command executed: ls
2024-11-21 21:59:45,346 - __main__ - DEBUG - Executing command: uptime
2024-11-21 21:59:45,346 - __main__ - DEBUG - Getting current user...
2024-11-21 21:59:45,346 - __main__ - DEBUG - Getting uptime...
2024-11-21 21:59:45,347 - __main__ - DEBUG - Command executed: uptime
2024-11-21 22:00:39,345 - __main__ - DEBUG - Executing command: tail ex.txt
2024-11-21 22:00:39,345 - __main__ - DEBUG - Getting current user...
2024-11-21 22:00:39,345 - __main__ - DEBUG - Tailing file: ex.txt
2024-11-21 22:00:39,346 - __main__ - DEBUG - Command executed: tail ex.txt
2024-11-21 22:00:51,984 - __main__ - DEBUG - Executing command: cd konf1
2024-11-21 22:00:51,985 - __main__ - DEBUG - Getting current user...
2024-11-21 22:00:51,985 - __main__ - DEBUG - Changing directory: konf1
2024-11-21 22:00:51,985 - __main__ - DEBUG - Command executed: cd konf1
2024-11-21 22:01:00,880 - __main__ - DEBUG - Executing command: tail ex.txt
2024-11-21 22:01:00,880 - __main__ - DEBUG - Getting current user...
2024-11-21 22:01:00,881 - __main__ - DEBUG - Tailing file: ex.txt
2024-11-21 22:01:00,881 - __main__ - DEBUG - Command executed: tail ex.txt
2024-11-21 22:07:59,178 - __main__ - DEBUG - VFS initialized: vfs_path=konf1.tar
2024-11-21 22:07:59,179 - __main__ - DEBUG - Emulator started
2024-11-21 22:07:59,179 - __main__ - DEBUG - Initializing GUI...
2024-11-21 22:07:59,315 - __main__ - DEBUG - Starting GUI main loop...
2024-11-21 22:09:07,310 - __main__ - DEBUG - VFS initialized: vfs_path=konf1.tar
2024-11-21 22:09:07,310 - __main__ - DEBUG - Emulator started
2024-11-21 22:09:07,310 - __main__ - DEBUG - Initializing GUI...
2024-11-21 22:09:07,415 - __main__ - DEBUG - Starting GUI main loop...
2024-11-21 22:09:13,011 - __main__ - DEBUG - Executing command: ls
2024-11-21 22:09:13,011 - __main__ - DEBUG - Getting current user...
2024-11-21 22:09:13,013 - __main__ - DEBUG - Listing files in current directory: 
2024-11-21 22:09:13,013 - __main__ - DEBUG - Command executed: ls
2024-11-21 22:09:23,364 - __main__ - DEBUG - Executing command: tail konf1/ex.txt

2024-11-21 22:09:23,364 - __main__ - DEBUG - Getting current user...
2024-11-21 22:09:23,364 - __main__ - DEBUG - Tailing file: konf1/ex.txt
2024-11-21 22:09:23,365 - __main__ - DEBUG - Command executed: tail konf1/ex.txt

2024-11-21 22:11:04,531 - __main__ - DEBUG - Executing command: uniq konf1/ex.txt
2024-11-21 22:11:04,531 - __main__ - DEBUG - Getting current user...
2024-11-21 22:11:04,532 - __main__ - DEBUG - Uniq file: konf1/ex.txt
2024-11-21 22:11:04,533 - __main__ - DEBUG - Command executed: uniq konf1/ex.txt
2024-11-21 22:20:58,011 - prak1 - DEBUG - VFS initialized: vfs_path=C:\Users\9E0A~1\AppData\Local\Temp\tmpydyn8vw_.tar
2024-11-21 22:20:58,011 - prak1 - DEBUG - Emulator started
2024-11-21 22:20:58,012 - prak1 - DEBUG - Listing files in current directory: 
2024-11-21 22:20:58,013 - prak1 - DEBUG - Changing directory: dir1
2024-11-21 22:20:58,013 - prak1 - DEBUG - Changing directory: ..
2024-11-21 22:20:58,015 - prak1 - DEBUG - Getting uptime...
2024-11-21 22:20:58,016 - prak1 - DEBUG - Tailing file: file1.txt
2024-11-21 22:20:58,017 - prak1 - DEBUG - Uniq file: file1.txt
2024-11-21 22:20:58,018 - prak1 - DEBUG - Exiting emulator...
2024-11-21 22:20:58,019 - prak1 - DEBUG - Cleaning up...
2024-11-21 22:22:14,520 - __main__ - DEBUG - VFS initialized: vfs_path=konf1.tar
2024-11-21 22:22:14,521 - __main__ - DEBUG - Emulator started
2024-11-21 22:22:14,521 - __main__ - DEBUG - Initializing GUI...
2024-11-21 22:22:14,746 - __main__ - DEBUG - Starting GUI main loop...
2024-11-21 22:22:59,487 - __main__ - DEBUG - VFS initialized: vfs_path=konf1.tar
2024-11-21 22:22:59,487 - __main__ - DEBUG - Emulator started
2024-11-21 22:22:59,487 - __main__ - DEBUG - Initializing GUI...
2024-11-21 22:22:59,759 - __main__ - DEBUG - Starting GUI main loop...
2024-11-21 22:23:06,478 - __main__ - DEBUG - Executing command: ls
2024-11-21 22:23:06,479 - __main__ - DEBUG - Getting current user...
2024-11-21 22:23:06,480 - __main__ - DEBUG - Listing files in current directory: 
2024-11-21 22:23:06,481 - __main__ - DEBUG - Command executed: ls
2024-11-21 22:23:11,495 - __main__ - DEBUG - Executing command: cd konf1
2024-11-21 22:23:11,495 - __main__ - DEBUG - Getting current user...
2024-11-21 22:23:11,495 - __main__ - DEBUG - Changing directory: konf1
2024-11-21 22:23:11,496 - __main__ - DEBUG - Command executed: cd konf1
2024-11-21 22:23:13,088 - __main__ - DEBUG - Executing command: ls
2024-11-21 22:23:13,088 - __main__ - DEBUG - Getting current user...
2024-11-21 22:23:13,088 - __main__ - DEBUG - Listing files in current directory: konf1/
2024-11-21 22:23:13,089 - __main__ - DEBUG - Command executed: ls
2024-11-21 22:23:19,218 - __main__ - DEBUG - Executing command: tail ex.txt
2024-11-21 22:23:19,218 - __main__ - DEBUG - Getting current user...
2024-11-21 22:23:19,218 - __main__ - DEBUG - Tailing file: ex.txt
2024-11-21 22:23:19,219 - __main__ - DEBUG - Command executed: tail ex.txt
2024-11-21 22:23:32,775 - __main__ - DEBUG - Executing command: tail konf1/ex.txt
2024-11-21 22:23:32,776 - __main__ - DEBUG - Getting current user...
2024-11-21 22:23:32,776 - __main__ - DEBUG - Tailing file: konf1/ex.txt
2024-11-21 22:23:32,777 - __main__ - DEBUG - Command executed: tail konf1/ex.txt
2024-11-21 22:27:57,597 - __main__ - DEBUG - Executing command: uniq ex.txt
2024-11-21 22:27:57,597 - __main__ - DEBUG - Getting current user...
2024-11-21 22:27:57,598 - __main__ - DEBUG - Uniq file: ex.txt
2024-11-21 22:27:57,598 - __main__ - DEBUG - Command executed: uniq ex.txt
2024-11-21 22:28:10,328 - __main__ - DEBUG - Executing command: uniq konf1/ex.txt
2024-11-21 22:28:10,328 - __main__ - DEBUG - Getting current user...
2024-11-21 22:28:10,328 - __main__ - DEBUG - Uniq file: konf1/ex.txt
2024-11-21 22:28:10,330 - __main__ - DEBUG - Command executed: uniq konf1/ex.txt
2024-11-21 22:33:45,165 - __main__ - DEBUG - VFS initialized: vfs_path=konf1.tar
2024-11-21 22:33:45,165 - __main__ - DEBUG - Emulator started
2024-11-21 22:33:45,165 - __main__ - DEBUG - Initializing GUI...
2024-11-21 22:33:45,237 - __main__ - DEBUG - Starting GUI main loop...
2024-11-21 22:33:50,088 - __main__ - DEBUG - Executing command: ls
2024-11-21 22:33:52,587 - __main__ - DEBUG - Executing command: ls
2024-11-21 22:35:07,609 - __main__ - DEBUG - VFS initialized: vfs_path=konf1.tar
2024-11-21 22:35:07,609 - __main__ - DEBUG - Emulator started
2024-11-21 22:35:07,609 - __main__ - DEBUG - Initializing GUI...
2024-11-21 22:35:07,680 - __main__ - DEBUG - Starting GUI main loop...
2024-11-21 22:35:12,410 - __main__ - DEBUG - Executing command: ls
2024-11-21 22:36:18,131 - __main__ - DEBUG - VFS initialized: vfs_path=konf1.tar
2024-11-21 22:36:18,131 - __main__ - DEBUG - Emulator started
2024-11-21 22:36:18,131 - __main__ - DEBUG - Initializing GUI...
2024-11-21 22:36:18,199 - __main__ - DEBUG - Starting GUI main loop...
2024-11-21 22:36:22,481 - __main__ - DEBUG - Executing command: ls
2024-11-21 22:36:22,481 - __main__ - DEBUG - Getting current user...
2024-11-21 22:36:22,482 - __main__ - DEBUG - Listing files in current directory: 
2024-11-21 22:36:22,483 - __main__ - DEBUG - Command executed: ls
2024-11-21 22:36:35,674 - __main__ - DEBUG - Executing command: tail konf1/ex.txt
2024-11-21 22:36:35,674 - __main__ - DEBUG - Getting current user...
2024-11-21 22:36:35,674 - __main__ - DEBUG - Tailing file: konf1/ex.txt
2024-11-21 22:36:35,675 - __main__ - DEBUG - Command executed: tail konf1/ex.txt
2024-11-21 22:36:40,772 - __main__ - DEBUG - Executing command: cd konf1
2024-11-21 22:36:40,772 - __main__ - DEBUG - Getting current user...
2024-11-21 22:36:40,773 - __main__ - DEBUG - Changing directory: konf1
2024-11-21 22:36:40,773 - __main__ - DEBUG - Command executed: cd konf1
2024-11-21 22:36:42,364 - __main__ - DEBUG - Executing command: ls
2024-11-21 22:36:42,364 - __main__ - DEBUG - Getting current user...
2024-11-21 22:36:42,365 - __main__ - DEBUG - Listing files in current directory: konf1/
2024-11-21 22:36:42,365 - __main__ - DEBUG - Command executed: ls
2024-11-21 22:36:49,508 - __main__ - DEBUG - Executing command: tail ex.txt
2024-11-21 22:36:49,509 - __main__ - DEBUG - Getting current user...
2024-11-21 22:36:49,509 - __main__ - DEBUG - Tailing file: ex.txt
2024-11-21 22:36:49,511 - __main__ - DEBUG - Command executed: tail ex.txt
2024-11-21 22:36:59,337 - __main__ - DEBUG - Executing command: uniq ex.txt
2024-11-21 22:36:59,338 - __main__ - DEBUG - Getting current user...
2024-11-21 22:36:59,338 - __main__ - DEBUG - Uniq file: ex.txt
2024-11-21 22:36:59,339 - __main__ - DEBUG - Command executed: uniq ex.txt
2024-11-21 22:38:24,098 - __main__ - DEBUG - VFS initialized: vfs_path=konf1.tar
2024-11-21 22:38:24,098 - __main__ - DEBUG - Emulator started
2024-11-21 22:38:24,098 - __main__ - DEBUG - Initializing GUI...
2024-11-21 22:38:24,172 - __main__ - DEBUG - Starting GUI main loop...
2024-11-21 22:38:28,127 - __main__ - DEBUG - Executing command: ls
2024-11-21 22:38:28,128 - __main__ - DEBUG - Getting current user...
2024-11-21 22:38:28,129 - __main__ - DEBUG - Listing files in current directory: 
2024-11-21 22:38:28,130 - __main__ - DEBUG - Command executed: ls
2024-11-21 22:38:42,971 - __main__ - DEBUG - Executing command: uniq konf1/ex.txt
2024-11-21 22:38:42,971 - __main__ - DEBUG - Getting current user...
2024-11-21 22:38:42,972 - __main__ - DEBUG - Uniq file: konf1/ex.txt
2024-11-21 22:38:42,972 - __main__ - DEBUG - Command executed: uniq konf1/ex.txt
2024-11-21 22:40:33,435 - prak1 - DEBUG - VFS initialized: vfs_path=C:\Users\9E0A~1\AppData\Local\Temp\tmpd91kpn19.tar
2024-11-21 22:40:33,435 - prak1 - DEBUG - Emulator started
2024-11-21 22:40:33,435 - prak1 - DEBUG - Listing files in current directory: 
2024-11-21 22:40:33,435 - prak1 - DEBUG - Changing directory: dir1
2024-11-21 22:40:33,435 - prak1 - DEBUG - Changing directory: ..
2024-11-21 22:40:33,436 - prak1 - DEBUG - Getting uptime...
2024-11-21 22:40:33,436 - prak1 - DEBUG - Tailing file: file1.txt
2024-11-21 22:40:33,436 - prak1 - DEBUG - Uniq file: file1.txt
2024-11-21 22:40:33,436 - prak1 - DEBUG - Exiting emulator...
2024-11-21 22:40:33,436 - prak1 - DEBUG - Cleaning up...
